<?xml version="1.0" encoding="UTF-8"?>
<!-- Generated by org.testng.reporters.JUnitXMLReporter -->
<testsuite ignored="0" hostname="DESKTOP-1BG2D9V" failures="0" tests="5" name="REST Auth" time="5.912" errors="0" timestamp="2024-01-22T09:36:05 IST">
  <testcase classname="com.simplilearn.authtesting.AuthenticationTest" name="testAuthenticationToken" time="1.738"/>
  <testcase classname="com.simplilearn.authtesting.OauthAuthenticationTest" name="testAuthenticationBasedOnCredsToken" time="1.503"/>
  <testcase classname="com.simplilearn.authtesting.OauthAuthenticationTest" name="testAuthenticationToken" time="1.526"/>
  <testcase classname="com.simplilearn.authtesting.SSLAuthenticationTest" name="testSSLCertificate1" time="0.753"/>
  <testcase classname="com.simplilearn.authtesting.SSLAuthenticationTest" name="testSSLCertificate2" time="0.381"/>
</testsuite> <!-- REST Auth -->
