<?xml version="1.0" encoding="UTF-8"?>
<!-- Generated by org.testng.reporters.JUnitXMLReporter -->
<testsuite ignored="0" hostname="DESKTOP-1BG2D9V" failures="0" tests="9" name="REST APIs" time="15.716" errors="0" timestamp="2024-01-22T09:35:49 IST">
  <testcase classname="com.simplilearn.resttesting.GetRequestTest" name="getRequestTest" time="5.474"/>
  <testcase classname="com.simplilearn.resttesting.GetRequestTest" name="getRequestWithQueryParmsTest" time="0.372"/>
  <testcase classname="com.simplilearn.resttesting.GetRequestTest" name="getRequestWithUserIdTest" time="1.638"/>
  <testcase classname="com.simplilearn.resttesting.PostRequestTest" name="postRequestTest" time="2.365"/>
  <testcase classname="com.simplilearn.resttesting.PutRequestTest" name="putRequestTest" time="1.684"/>
  <testcase classname="com.simplilearn.resttesting.PatchRequestTest" name="putRequestTest" time="1.604"/>
  <testcase classname="com.simplilearn.resttesting.DeleteRequestTest" name="putRequestTest" time="0.84"/>
  <testcase classname="com.simplilearn.resttesting.DeleteRequestTest" name="putRequestTest" time="0.793"/>
  <testcase classname="com.simplilearn.resttesting.DeleteRequestTest" name="putRequestTest" time="0.84"/>
</testsuite> <!-- REST APIs -->
