<?xml version="1.0" encoding="UTF-8"?>
<!-- Generated by org.testng.reporters.JUnitXMLReporter -->
<testsuite ignored="0" hostname="DESKTOP-1BG2D9V" failures="0" tests="8" name="REST APIs" time="15.131" errors="0" timestamp="2024-01-18T12:59:35 IST">
  <testcase classname="com.simplilearn.resttesting.GetRequestTest" name="getRequestTest" time="4.171"/>
  <testcase classname="com.simplilearn.resttesting.GetRequestTest" name="getRequestWithQueryParmsTest" time="0.999"/>
  <testcase classname="com.simplilearn.resttesting.GetRequestTest" name="getRequestWithUserIdTest" time="0.887"/>
  <testcase classname="com.simplilearn.resttesting.PostRequestTest" name="postRequestTest" time="2.962"/>
  <testcase classname="com.simplilearn.resttesting.PutRequestTest" name="putRequestTest" time="2.429"/>
  <testcase classname="com.simplilearn.resttesting.DeleteRequestTest" name="putRequestTest" time="1.188"/>
  <testcase classname="com.simplilearn.resttesting.DeleteRequestTest" name="putRequestTest" time="1.182"/>
  <testcase classname="com.simplilearn.resttesting.DeleteRequestTest" name="putRequestTest" time="1.215"/>
</testsuite> <!-- REST APIs -->
