<?xml version="1.0" encoding="UTF-8"?>
<!-- Generated by org.testng.reporters.JUnitXMLReporter -->
<testsuite ignored="0" hostname="DESKTOP-1BG2D9V" failures="0" tests="5" name="REST Auth" time="5.744" errors="0" timestamp="2024-01-19T12:14:30 IST">
  <testcase classname="com.simplilearn.authtesting.AuthenticationTest" name="testAuthenticationToken" time="1.433"/>
  <testcase classname="com.simplilearn.authtesting.OauthAuthenticationTest" name="testAuthenticationBasedOnCredsToken" time="1.538"/>
  <testcase classname="com.simplilearn.authtesting.OauthAuthenticationTest" name="testAuthenticationToken" time="1.646"/>
  <testcase classname="com.simplilearn.authtesting.SSLAuthenticationTest" name="testSSLCertificate1" time="0.754"/>
  <testcase classname="com.simplilearn.authtesting.SSLAuthenticationTest" name="testSSLCertificate2" time="0.363"/>
</testsuite> <!-- REST Auth -->
