<?xml version="1.0" encoding="UTF-8"?>
<!-- Generated by org.testng.reporters.JUnitXMLReporter -->
<testsuite ignored="0" hostname="DESKTOP-1BG2D9V" failures="0" tests="5" name="SOAP APIs" time="5.159" errors="0" timestamp="2024-01-18T12:59:40 IST">
  <testcase classname="com.simplilearn.soaptesting.GetCapitalByCountryCodeTest" name="postXMLRequestTest" time="0.719"/>
  <testcase classname="com.simplilearn.soaptesting.GetCapitalByCountryCodeTest" name="postXMLRequestTest" time="0.635"/>
  <testcase classname="com.simplilearn.soaptesting.GetCapitalByCountryCodeTest" name="postXMLRequestTest" time="0.67"/>
  <testcase classname="com.simplilearn.soaptesting.GetCapitalByCountryCodeTest" name="postXMLRequestTest" time="0.649"/>
  <testcase classname="com.simplilearn.soaptesting.NumberToWordConversion" name="postXMLRequestTest" time="2.475"/>
</testsuite> <!-- SOAP APIs -->
