<?xml version="1.0" encoding="UTF-8"?>
<!-- Generated by org.testng.reporters.JUnitXMLReporter -->
<testsuite ignored="0" hostname="DESKTOP-1BG2D9V" failures="0" tests="5" name="SOAP APIs" time="7.932" errors="0" timestamp="2024-01-19T12:14:25 IST">
  <testcase classname="com.simplilearn.soaptesting.GetCapitalByCountryCodeTest" name="postXMLRequestTest" time="1.523"/>
  <testcase classname="com.simplilearn.soaptesting.GetCapitalByCountryCodeTest" name="postXMLRequestTest" time="1.13"/>
  <testcase classname="com.simplilearn.soaptesting.GetCapitalByCountryCodeTest" name="postXMLRequestTest" time="1.157"/>
  <testcase classname="com.simplilearn.soaptesting.GetCapitalByCountryCodeTest" name="postXMLRequestTest" time="1.243"/>
  <testcase classname="com.simplilearn.soaptesting.NumberToWordConversion" name="postXMLRequestTest" time="2.87"/>
</testsuite> <!-- SOAP APIs -->
