<?xml version="1.0" encoding="UTF-8"?>
<!-- Generated by org.testng.reporters.JUnitXMLReporter -->
<testsuite ignored="0" hostname="DESKTOP-1BG2D9V" failures="0" tests="2" name="Default test" time="2.92" errors="0" timestamp="2024-01-19T11:54:54 IST">
  <testcase classname="com.simplilearn.authtesting.SSLAuthenticationTest" name="testSSLCertificate1" time="2.528"/>
  <testcase classname="com.simplilearn.authtesting.SSLAuthenticationTest" name="testSSLCertificate2" time="0.326"/>
</testsuite> <!-- Default test -->
