<?xml version="1.0" encoding="UTF-8"?>
<testsuite name="REST APIs"
           tests="3"
           failures="0"
           errors="0"
           skipped="0"
           time="1.986">
  <properties />
  
  
            <testcase name="putRequestTest" time="0.683" classname="com.simplilearn.resttesting.DeleteRequestTest" />
                <testcase name="putRequestTest" time="0.652" classname="com.simplilearn.resttesting.DeleteRequestTest" />
                <testcase name="putRequestTest" time="0.651" classname="com.simplilearn.resttesting.DeleteRequestTest" />
      
</testsuite>
