<?xml version="1.0" encoding="UTF-8"?>
<testsuite name="REST APIs"
           tests="3"
           failures="0"
           errors="0"
           skipped="0"
           time="6.057">
  <properties />
  
  
            <testcase name="getRequestWithQueryParmsTest" time="0.999" classname="com.simplilearn.resttesting.GetRequestTest" />
                <testcase name="getRequestWithUserIdTest" time="0.887" classname="com.simplilearn.resttesting.GetRequestTest" />
                <testcase name="getRequestTest" time="4.171" classname="com.simplilearn.resttesting.GetRequestTest" />
      
</testsuite>
