<?xml version="1.0" encoding="UTF-8"?>
<testsuite name="SOAP APIs"
           tests="4"
           failures="0"
           errors="0"
           skipped="0"
           time="5.052">
  <properties />
  
  
            <testcase name="postXMLRequestTest" time="1.175" classname="com.simplilearn.soaptesting.GetCapitalByCountryCodeTest" />
                <testcase name="postXMLRequestTest" time="1.142" classname="com.simplilearn.soaptesting.GetCapitalByCountryCodeTest" />
                <testcase name="postXMLRequestTest" time="1.258" classname="com.simplilearn.soaptesting.GetCapitalByCountryCodeTest" />
                <testcase name="postXMLRequestTest" time="1.477" classname="com.simplilearn.soaptesting.GetCapitalByCountryCodeTest" />
      
</testsuite>
