<?xml version="1.0" encoding="UTF-8"?>
<testsuite name="REST APIs"
           tests="3"
           failures="0"
           errors="0"
           skipped="0"
           time="4.847">
  <properties />
  
  
            <testcase name="getRequestTest" time="3.540" classname="com.simplilearn.resttesting.GetRequestTest" />
                <testcase name="getRequestWithUserIdTest" time="0.611" classname="com.simplilearn.resttesting.GetRequestTest" />
                <testcase name="getRequestWithQueryParmsTest" time="0.696" classname="com.simplilearn.resttesting.GetRequestTest" />
      
</testsuite>
