<?xml version="1.0" encoding="UTF-8"?>
<testng-results ignored="0" total="1" passed="1" failed="0" skipped="0">
  <reporter-output>
  </reporter-output>
  <suite started-at="2024-01-18T11:03:44 IST" name="Default suite" finished-at="2024-01-18T11:03:50 IST" duration-ms="5499">
    <groups>
    </groups>
    <test started-at="2024-01-18T11:03:44 IST" name="Default test" finished-at="2024-01-18T11:03:50 IST" duration-ms="5499">
      <class name="com.simplilearn.resttesting.PostRequestTest">
        <test-method signature="postRequestTest()[pri:0, instance:com.simplilearn.resttesting.PostRequestTest@2805d709]" started-at="2024-01-18T11:03:44 IST" name="postRequestTest" description="Test for executing POST request using rest assured" finished-at="2024-01-18T11:03:50 IST" duration-ms="5436" status="PASS">
          <reporter-output>
          </reporter-output>
        </test-method> <!-- postRequestTest -->
      </class> <!-- com.simplilearn.resttesting.PostRequestTest -->
    </test> <!-- Default test -->
  </suite> <!-- Default suite -->
</testng-results>
